<?xml version="1.0" encoding="UTF-8"?>
<testng-results skipped="0" failed="0" ignored="1" total="3" passed="2">
  <reporter-output>
  </reporter-output>
  <suite name="Suite" duration-ms="66946" started-at="2021-05-04T16:10:22Z" finished-at="2021-05-04T16:11:29Z">
    <groups>
    </groups>
    <test name="Test" duration-ms="66946" started-at="2021-05-04T16:10:22Z" finished-at="2021-05-04T16:11:29Z">
      <class name="test.InvoicePageTest">
        <test-method status="PASS" signature="setUpBrowser()[pri:0, instance:test.InvoicePageTest@647fd8ce]" name="setUpBrowser" is-config="true" duration-ms="2181" started-at="2021-05-04T16:10:20Z" finished-at="2021-05-04T16:10:22Z">
          <reporter-output>
          </reporter-output>
        </test-method> <!-- setUpBrowser -->
        <test-method status="PASS" signature="logIn()[pri:0, instance:test.InvoicePageTest@647fd8ce]" name="logIn" is-config="true" duration-ms="28967" started-at="2021-05-04T16:10:23Z" finished-at="2021-05-04T16:10:52Z">
          <reporter-output>
          </reporter-output>
        </test-method> <!-- logIn -->
        <test-method status="PASS" signature="verifyInvoiceCreeation(java.lang.String, java.lang.String, java.lang.String, java.lang.String, java.lang.String, java.lang.String, java.lang.String, java.lang.String, java.lang.String, java.lang.String, java.lang.String, java.lang.String, java.lang.String, java.lang.String)[pri:0, instance:test.InvoicePageTest@647fd8ce]" name="verifyInvoiceCreeation" duration-ms="17101" started-at="2021-05-04T16:10:52Z" data-provider="dp" finished-at="2021-05-04T16:11:09Z">
          <params>
            <param index="0">
              <value>
                <![CDATA[Andrea Martiinez]]>
              </value>
            </param>
            <param index="1">
              <value>
                <![CDATA[Standard invoice]]>
              </value>
            </param>
            <param index="2">
              <value>
                <![CDATA[05/03/2021]]>
              </value>
            </param>
            <param index="3">
              <value>
                <![CDATA[Order]]>
              </value>
            </param>
            <param index="4">
              <value>
                <![CDATA[Cash]]>
              </value>
            </param>
            <param index="5">
              <value>
                <![CDATA[999999889]]>
              </value>
            </param>
            <param index="6">
              <value>
                <![CDATA[000 Interfor - Fiesta]]>
              </value>
            </param>
            <param index="7">
              <value>
                <![CDATA[None]]>
              </value>
            </param>
            <param index="8">
              <value>
                <![CDATA[crabe]]>
              </value>
            </param>
            <param index="9">
              <value>
                <![CDATA[USD - US Dollars]]>
              </value>
            </param>
            <param index="10">
              <value>
                <![CDATA[Tawhid chowdhury]]>
              </value>
            </param>
            <param index="11">
              <value>
                <![CDATA[Chowdhury]]>
              </value>
            </param>
            <param index="12">
              <value>
                <![CDATA[(PROV6463)]]>
              </value>
            </param>
            <param index="13">
              <value>
                <![CDATA[(PROV6577)]]>
              </value>
            </param>
          </params>
          <reporter-output>
          </reporter-output>
        </test-method> <!-- verifyInvoiceCreeation -->
        <test-method status="PASS" signature="logOut()[pri:0, instance:test.InvoicePageTest@647fd8ce]" name="logOut" is-config="true" duration-ms="775" started-at="2021-05-04T16:11:09Z" finished-at="2021-05-04T16:11:09Z">
          <reporter-output>
          </reporter-output>
        </test-method> <!-- logOut -->
      </class> <!-- test.InvoicePageTest -->
      <class name="test.ValidateListPageTest">
        <test-method status="PASS" signature="logIn()[pri:0, instance:test.ValidateListPageTest@159f197]" name="logIn" is-config="true" duration-ms="2995" started-at="2021-05-04T16:11:10Z" finished-at="2021-05-04T16:11:13Z">
          <reporter-output>
          </reporter-output>
        </test-method> <!-- logIn -->
        <test-method status="PASS" signature="verifyList(java.lang.String, java.lang.String, java.lang.String, java.lang.String, java.lang.String, java.lang.String, java.lang.String, java.lang.String, java.lang.String, java.lang.String, java.lang.String, java.lang.String, java.lang.String, java.lang.String)[pri:0, instance:test.ValidateListPageTest@159f197]" name="verifyList" duration-ms="14265" started-at="2021-05-04T16:11:13Z" data-provider="dp" finished-at="2021-05-04T16:11:27Z">
          <params>
            <param index="0">
              <value>
                <![CDATA[Andrea Martiinez]]>
              </value>
            </param>
            <param index="1">
              <value>
                <![CDATA[Standard invoice]]>
              </value>
            </param>
            <param index="2">
              <value>
                <![CDATA[05/03/2021]]>
              </value>
            </param>
            <param index="3">
              <value>
                <![CDATA[Order]]>
              </value>
            </param>
            <param index="4">
              <value>
                <![CDATA[Cash]]>
              </value>
            </param>
            <param index="5">
              <value>
                <![CDATA[999999889]]>
              </value>
            </param>
            <param index="6">
              <value>
                <![CDATA[000 Interfor - Fiesta]]>
              </value>
            </param>
            <param index="7">
              <value>
                <![CDATA[None]]>
              </value>
            </param>
            <param index="8">
              <value>
                <![CDATA[crabe]]>
              </value>
            </param>
            <param index="9">
              <value>
                <![CDATA[USD - US Dollars]]>
              </value>
            </param>
            <param index="10">
              <value>
                <![CDATA[Tawhid chowdhury]]>
              </value>
            </param>
            <param index="11">
              <value>
                <![CDATA[Chowdhury]]>
              </value>
            </param>
            <param index="12">
              <value>
                <![CDATA[(PROV6463)]]>
              </value>
            </param>
            <param index="13">
              <value>
                <![CDATA[(PROV6578)]]>
              </value>
            </param>
          </params>
          <reporter-output>
          </reporter-output>
        </test-method> <!-- verifyList -->
        <test-method status="PASS" signature="logOut()[pri:0, instance:test.ValidateListPageTest@159f197]" name="logOut" is-config="true" duration-ms="2002" started-at="2021-05-04T16:11:27Z" finished-at="2021-05-04T16:11:29Z">
          <reporter-output>
          </reporter-output>
        </test-method> <!-- logOut -->
      </class> <!-- test.ValidateListPageTest -->
    </test> <!-- Test -->
  </suite> <!-- Suite -->
</testng-results>
