<?xml version="1.0" encoding="UTF-8"?>
<!-- Generated by org.testng.reporters.JUnitXMLReporter -->
<testsuite hostname="tawhids-MacBook-Air.local" ignored="1" name="Test" tests="2" failures="0" timestamp="04 May 2021 16:11:34 GMT" time="66.946" errors="0">
  <testcase name="verifyInvoiceCreeation" time="17.101" classname="test.InvoicePageTest"/>
  <testcase name="verifyList" time="14.265" classname="test.ValidateListPageTest"/>
  <testcase name="@BeforeSuite setUpBrowser" time="0.0" classname="test.BaseTest">
    <ignored/>
  </testcase> <!-- @BeforeSuite setUpBrowser -->
</testsuite> <!-- Test -->
